

*******************************************************************************
Wed Mar  4 10:02:19 2026


FIT:    data read from "times.data" using 1:2
        format = x:z
        #datapoints = 10
        residuals are weighted equally (unit weight)

function used for fitting: f(x)
	f(x) = a*x**3
fitted parameters initialized with current variable values

iter      chisq       delta/lim  lambda   a            
   0 1.9784049761e+18   0.00e+00  4.45e+08    1.000000e+00
   5 8.3904584228e-01  -1.91e-09  4.45e+03    6.043212e-09

After 5 iterations the fit converged.
final sum of squares of residuals : 0.839046
rel. change during last iteration : -1.9054e-14

degrees of freedom    (FIT_NDF)                        : 9
rms of residuals      (FIT_STDFIT) = sqrt(WSSR/ndf)    : 0.305331
variance of residuals (reduced chisquare) = WSSR/ndf   : 0.0932273

Final set of parameters            Asymptotic Standard Error
=======================            ==========================
a               = 6.04321e-09      +/- 2.171e-10    (3.592%)


*******************************************************************************
Wed Mar  4 10:03:16 2026


FIT:    data read from "times.data" using 1:2
        format = x:z
        #datapoints = 10
        residuals are weighted equally (unit weight)

function used for fitting: f(x)
	f(x) = a*x**3
fitted parameters initialized with current variable values

iter      chisq       delta/lim  lambda   a            
   0 1.9784049797e+18   0.00e+00  4.45e+08    1.000000e+00
   5 1.6648313252e+00  -9.87e-10  4.45e+03    5.124962e-09

After 5 iterations the fit converged.
final sum of squares of residuals : 1.66483
rel. change during last iteration : -9.86965e-15

degrees of freedom    (FIT_NDF)                        : 9
rms of residuals      (FIT_STDFIT) = sqrt(WSSR/ndf)    : 0.430094
variance of residuals (reduced chisquare) = WSSR/ndf   : 0.184981

Final set of parameters            Asymptotic Standard Error
=======================            ==========================
a               = 5.12496e-09      +/- 3.058e-10    (5.966%)


*******************************************************************************
Wed Mar  4 10:04:18 2026


FIT:    data read from "times.data" using 1:2
        format = x:z
        #datapoints = 10
        residuals are weighted equally (unit weight)

function used for fitting: f(x)
	f(x) = a*x**3
fitted parameters initialized with current variable values

iter      chisq       delta/lim  lambda   a            
   0 1.9784049797e+18   0.00e+00  4.45e+08    1.000000e+00
   5 1.6648313252e+00  -9.87e-10  4.45e+03    5.124962e-09

After 5 iterations the fit converged.
final sum of squares of residuals : 1.66483
rel. change during last iteration : -9.86965e-15

degrees of freedom    (FIT_NDF)                        : 9
rms of residuals      (FIT_STDFIT) = sqrt(WSSR/ndf)    : 0.430094
variance of residuals (reduced chisquare) = WSSR/ndf   : 0.184981

Final set of parameters            Asymptotic Standard Error
=======================            ==========================
a               = 5.12496e-09      +/- 3.058e-10    (5.966%)


*******************************************************************************
Wed Mar  4 10:05:51 2026


FIT:    data read from "times.data" using 1:2
        format = x:z
        #datapoints = 10
        residuals are weighted equally (unit weight)

function used for fitting: f(x)
	f(x) = a*x**3
fitted parameters initialized with current variable values

iter      chisq       delta/lim  lambda   a            
   0 1.9784049797e+18   0.00e+00  4.45e+08    1.000000e+00
   5 1.6648313252e+00  -9.87e-10  4.45e+03    5.124962e-09

After 5 iterations the fit converged.
final sum of squares of residuals : 1.66483
rel. change during last iteration : -9.86965e-15

degrees of freedom    (FIT_NDF)                        : 9
rms of residuals      (FIT_STDFIT) = sqrt(WSSR/ndf)    : 0.430094
variance of residuals (reduced chisquare) = WSSR/ndf   : 0.184981

Final set of parameters            Asymptotic Standard Error
=======================            ==========================
a               = 5.12496e-09      +/- 3.058e-10    (5.966%)
